Performing C SOURCE FILE Test CMAKE_HAVE_LIBC_PTHREAD failed with the following output:
Change Dir: /var/lib/phoronix-test-suite/installed-tests/pts/libgav1-1.2.1/build/CMakeFiles/CMakeTmp

Run Build Command(s):/usr/bin/make cmTC_0c278/fast && /usr/bin/make -f CMakeFiles/cmTC_0c278.dir/build.make CMakeFiles/cmTC_0c278.dir/build
make[1]: Entering directory '/var/lib/phoronix-test-suite/installed-tests/pts/libgav1-1.2.1/build/CMakeFiles/CMakeTmp'
Building C object CMakeFiles/cmTC_0c278.dir/src.c.o
/tmp/pts-compiler-mask-libgav11.2.1/cc   -DCMAKE_HAVE_LIBC_PTHREAD   -o CMakeFiles/cmTC_0c278.dir/src.c.o   -c /var/lib/phoronix-test-suite/installed-tests/pts/libgav1-1.2.1/build/CMakeFiles/CMakeTmp/src.c
Linking C executable cmTC_0c278
/usr/bin/cmake -E cmake_link_script CMakeFiles/cmTC_0c278.dir/link.txt --verbose=1
/tmp/pts-compiler-mask-libgav11.2.1/cc  -DCMAKE_HAVE_LIBC_PTHREAD    CMakeFiles/cmTC_0c278.dir/src.c.o  -o cmTC_0c278 
/usr/bin/ld: CMakeFiles/cmTC_0c278.dir/src.c.o: in function `main':
src.c:(.text+0x46): undefined reference to `pthread_create'
/usr/bin/ld: src.c:(.text+0x52): undefined reference to `pthread_detach'
/usr/bin/ld: src.c:(.text+0x63): undefined reference to `pthread_join'
collect2: error: ld returned 1 exit status
make[1]: *** [CMakeFiles/cmTC_0c278.dir/build.make:87: cmTC_0c278] Error 1
make[1]: Leaving directory '/var/lib/phoronix-test-suite/installed-tests/pts/libgav1-1.2.1/build/CMakeFiles/CMakeTmp'
make: *** [Makefile:121: cmTC_0c278/fast] Error 2


Source file was:
#include <pthread.h>

void* test_func(void* data)
{
  return data;
}

int main(void)
{
  pthread_t thread;
  pthread_create(&thread, NULL, test_func, NULL);
  pthread_detach(thread);
  pthread_join(thread, NULL);
  pthread_atfork(NULL, NULL, NULL);
  pthread_exit(NULL);

  return 0;
}

Determining if the function pthread_create exists in the pthreads failed with the following output:
Change Dir: /var/lib/phoronix-test-suite/installed-tests/pts/libgav1-1.2.1/build/CMakeFiles/CMakeTmp

Run Build Command(s):/usr/bin/make cmTC_2613b/fast && /usr/bin/make -f CMakeFiles/cmTC_2613b.dir/build.make CMakeFiles/cmTC_2613b.dir/build
make[1]: Entering directory '/var/lib/phoronix-test-suite/installed-tests/pts/libgav1-1.2.1/build/CMakeFiles/CMakeTmp'
Building C object CMakeFiles/cmTC_2613b.dir/CheckFunctionExists.c.o
/tmp/pts-compiler-mask-libgav11.2.1/cc   -DCHECK_FUNCTION_EXISTS=pthread_create   -o CMakeFiles/cmTC_2613b.dir/CheckFunctionExists.c.o   -c /usr/share/cmake-3.16/Modules/CheckFunctionExists.c
Linking C executable cmTC_2613b
/usr/bin/cmake -E cmake_link_script CMakeFiles/cmTC_2613b.dir/link.txt --verbose=1
/tmp/pts-compiler-mask-libgav11.2.1/cc  -DCHECK_FUNCTION_EXISTS=pthread_create    CMakeFiles/cmTC_2613b.dir/CheckFunctionExists.c.o  -o cmTC_2613b  -lpthreads 
/usr/bin/ld: cannot find -lpthreads
collect2: error: ld returned 1 exit status
make[1]: *** [CMakeFiles/cmTC_2613b.dir/build.make:87: cmTC_2613b] Error 1
make[1]: Leaving directory '/var/lib/phoronix-test-suite/installed-tests/pts/libgav1-1.2.1/build/CMakeFiles/CMakeTmp'
make: *** [Makefile:121: cmTC_2613b/fast] Error 2



