Performing C SOURCE FILE Test CMAKE_HAVE_LIBC_PTHREAD failed with the following output:
Change Dir: /var/lib/phoronix-test-suite/installed-tests/pts/aom-av1-3.3.0/aom/build/CMakeFiles/CMakeTmp

Run Build Command(s):/usr/bin/make cmTC_84cd5/fast && /usr/bin/make -f CMakeFiles/cmTC_84cd5.dir/build.make CMakeFiles/cmTC_84cd5.dir/build
make[1]: Entering directory '/var/lib/phoronix-test-suite/installed-tests/pts/aom-av1-3.3.0/aom/build/CMakeFiles/CMakeTmp'
Building C object CMakeFiles/cmTC_84cd5.dir/src.c.o
/tmp/pts-compiler-mask-aom-av13.3.0/cc   -DCMAKE_HAVE_LIBC_PTHREAD   -o CMakeFiles/cmTC_84cd5.dir/src.c.o   -c /var/lib/phoronix-test-suite/installed-tests/pts/aom-av1-3.3.0/aom/build/CMakeFiles/CMakeTmp/src.c
Linking C executable cmTC_84cd5
/usr/bin/cmake -E cmake_link_script CMakeFiles/cmTC_84cd5.dir/link.txt --verbose=1
/tmp/pts-compiler-mask-aom-av13.3.0/cc  -DCMAKE_HAVE_LIBC_PTHREAD    CMakeFiles/cmTC_84cd5.dir/src.c.o  -o cmTC_84cd5 
/usr/bin/ld: CMakeFiles/cmTC_84cd5.dir/src.c.o: in function `main':
src.c:(.text+0x46): undefined reference to `pthread_create'
/usr/bin/ld: src.c:(.text+0x52): undefined reference to `pthread_detach'
/usr/bin/ld: src.c:(.text+0x63): undefined reference to `pthread_join'
collect2: error: ld returned 1 exit status
make[1]: *** [CMakeFiles/cmTC_84cd5.dir/build.make:87: cmTC_84cd5] Error 1
make[1]: Leaving directory '/var/lib/phoronix-test-suite/installed-tests/pts/aom-av1-3.3.0/aom/build/CMakeFiles/CMakeTmp'
make: *** [Makefile:121: cmTC_84cd5/fast] Error 2


Source file was:
#include <pthread.h>

void* test_func(void* data)
{
  return data;
}

int main(void)
{
  pthread_t thread;
  pthread_create(&thread, NULL, test_func, NULL);
  pthread_detach(thread);
  pthread_join(thread, NULL);
  pthread_atfork(NULL, NULL, NULL);
  pthread_exit(NULL);

  return 0;
}

Determining if the function pthread_create exists in the pthreads failed with the following output:
Change Dir: /var/lib/phoronix-test-suite/installed-tests/pts/aom-av1-3.3.0/aom/build/CMakeFiles/CMakeTmp

Run Build Command(s):/usr/bin/make cmTC_a84b1/fast && /usr/bin/make -f CMakeFiles/cmTC_a84b1.dir/build.make CMakeFiles/cmTC_a84b1.dir/build
make[1]: Entering directory '/var/lib/phoronix-test-suite/installed-tests/pts/aom-av1-3.3.0/aom/build/CMakeFiles/CMakeTmp'
Building C object CMakeFiles/cmTC_a84b1.dir/CheckFunctionExists.c.o
/tmp/pts-compiler-mask-aom-av13.3.0/cc   -DCHECK_FUNCTION_EXISTS=pthread_create   -o CMakeFiles/cmTC_a84b1.dir/CheckFunctionExists.c.o   -c /usr/share/cmake-3.16/Modules/CheckFunctionExists.c
Linking C executable cmTC_a84b1
/usr/bin/cmake -E cmake_link_script CMakeFiles/cmTC_a84b1.dir/link.txt --verbose=1
/tmp/pts-compiler-mask-aom-av13.3.0/cc  -DCHECK_FUNCTION_EXISTS=pthread_create    CMakeFiles/cmTC_a84b1.dir/CheckFunctionExists.c.o  -o cmTC_a84b1  -lpthreads 
/usr/bin/ld: cannot find -lpthreads
collect2: error: ld returned 1 exit status
make[1]: *** [CMakeFiles/cmTC_a84b1.dir/build.make:87: cmTC_a84b1] Error 1
make[1]: Leaving directory '/var/lib/phoronix-test-suite/installed-tests/pts/aom-av1-3.3.0/aom/build/CMakeFiles/CMakeTmp'
make: *** [Makefile:121: cmTC_a84b1/fast] Error 2



Performing C SOURCE FILE Test C_FLAG_SUPPORTED failed with the following output:
Change Dir: /var/lib/phoronix-test-suite/installed-tests/pts/aom-av1-3.3.0/aom/build/CMakeFiles/CMakeTmp

Run Build Command(s):/usr/bin/make cmTC_125e7/fast && /usr/bin/make -f CMakeFiles/cmTC_125e7.dir/build.make CMakeFiles/cmTC_125e7.dir/build
make[1]: Entering directory '/var/lib/phoronix-test-suite/installed-tests/pts/aom-av1-3.3.0/aom/build/CMakeFiles/CMakeTmp'
Building C object CMakeFiles/cmTC_125e7.dir/src.c.o
/tmp/pts-compiler-mask-aom-av13.3.0/cc   -DC_FLAG_SUPPORTED   -Wshorten-64-to-32 -o CMakeFiles/cmTC_125e7.dir/src.c.o   -c /var/lib/phoronix-test-suite/installed-tests/pts/aom-av1-3.3.0/aom/build/CMakeFiles/CMakeTmp/src.c
gcc: error: unrecognized command line option '-Wshorten-64-to-32'
make[1]: *** [CMakeFiles/cmTC_125e7.dir/build.make:66: CMakeFiles/cmTC_125e7.dir/src.c.o] Error 1
make[1]: Leaving directory '/var/lib/phoronix-test-suite/installed-tests/pts/aom-av1-3.3.0/aom/build/CMakeFiles/CMakeTmp'
make: *** [Makefile:121: cmTC_125e7/fast] Error 2


Source file was:
int main(void) { return 0; }
Performing C++ SOURCE FILE Test CXX_FLAG_SUPPORTED failed with the following output:
Change Dir: /var/lib/phoronix-test-suite/installed-tests/pts/aom-av1-3.3.0/aom/build/CMakeFiles/CMakeTmp

Run Build Command(s):/usr/bin/make cmTC_fc3da/fast && /usr/bin/make -f CMakeFiles/cmTC_fc3da.dir/build.make CMakeFiles/cmTC_fc3da.dir/build
make[1]: Entering directory '/var/lib/phoronix-test-suite/installed-tests/pts/aom-av1-3.3.0/aom/build/CMakeFiles/CMakeTmp'
Building CXX object CMakeFiles/cmTC_fc3da.dir/src.cxx.o
/tmp/pts-compiler-mask-aom-av13.3.0/c++    -DCXX_FLAG_SUPPORTED   -Wshorten-64-to-32 -o CMakeFiles/cmTC_fc3da.dir/src.cxx.o -c /var/lib/phoronix-test-suite/installed-tests/pts/aom-av1-3.3.0/aom/build/CMakeFiles/CMakeTmp/src.cxx
g++: error: unrecognized command line option '-Wshorten-64-to-32'
make[1]: *** [CMakeFiles/cmTC_fc3da.dir/build.make:66: CMakeFiles/cmTC_fc3da.dir/src.cxx.o] Error 1
make[1]: Leaving directory '/var/lib/phoronix-test-suite/installed-tests/pts/aom-av1-3.3.0/aom/build/CMakeFiles/CMakeTmp'
make: *** [Makefile:121: cmTC_fc3da/fast] Error 2


Source file was:
int main() { return 0; }
Performing C SOURCE FILE Test C_FLAG_SUPPORTED failed with the following output:
Change Dir: /var/lib/phoronix-test-suite/installed-tests/pts/aom-av1-3.3.0/aom/build/CMakeFiles/CMakeTmp

Run Build Command(s):/usr/bin/make cmTC_c1ef8/fast && /usr/bin/make -f CMakeFiles/cmTC_c1ef8.dir/build.make CMakeFiles/cmTC_c1ef8.dir/build
make[1]: Entering directory '/var/lib/phoronix-test-suite/installed-tests/pts/aom-av1-3.3.0/aom/build/CMakeFiles/CMakeTmp'
Building C object CMakeFiles/cmTC_c1ef8.dir/src.c.o
/tmp/pts-compiler-mask-aom-av13.3.0/cc   -DC_FLAG_SUPPORTED   -Wstring-conversion -o CMakeFiles/cmTC_c1ef8.dir/src.c.o   -c /var/lib/phoronix-test-suite/installed-tests/pts/aom-av1-3.3.0/aom/build/CMakeFiles/CMakeTmp/src.c
gcc: error: unrecognized command line option '-Wstring-conversion'; did you mean '-Wsign-conversion'?
make[1]: *** [CMakeFiles/cmTC_c1ef8.dir/build.make:66: CMakeFiles/cmTC_c1ef8.dir/src.c.o] Error 1
make[1]: Leaving directory '/var/lib/phoronix-test-suite/installed-tests/pts/aom-av1-3.3.0/aom/build/CMakeFiles/CMakeTmp'
make: *** [Makefile:121: cmTC_c1ef8/fast] Error 2


Source file was:
int main(void) { return 0; }
Performing C++ SOURCE FILE Test CXX_FLAG_SUPPORTED failed with the following output:
Change Dir: /var/lib/phoronix-test-suite/installed-tests/pts/aom-av1-3.3.0/aom/build/CMakeFiles/CMakeTmp

Run Build Command(s):/usr/bin/make cmTC_7fbbf/fast && /usr/bin/make -f CMakeFiles/cmTC_7fbbf.dir/build.make CMakeFiles/cmTC_7fbbf.dir/build
make[1]: Entering directory '/var/lib/phoronix-test-suite/installed-tests/pts/aom-av1-3.3.0/aom/build/CMakeFiles/CMakeTmp'
Building CXX object CMakeFiles/cmTC_7fbbf.dir/src.cxx.o
/tmp/pts-compiler-mask-aom-av13.3.0/c++    -DCXX_FLAG_SUPPORTED   -Wstring-conversion -o CMakeFiles/cmTC_7fbbf.dir/src.cxx.o -c /var/lib/phoronix-test-suite/installed-tests/pts/aom-av1-3.3.0/aom/build/CMakeFiles/CMakeTmp/src.cxx
g++: error: unrecognized command line option '-Wstring-conversion'; did you mean '-Wsign-conversion'?
make[1]: *** [CMakeFiles/cmTC_7fbbf.dir/build.make:66: CMakeFiles/cmTC_7fbbf.dir/src.cxx.o] Error 1
make[1]: Leaving directory '/var/lib/phoronix-test-suite/installed-tests/pts/aom-av1-3.3.0/aom/build/CMakeFiles/CMakeTmp'
make: *** [Makefile:121: cmTC_7fbbf/fast] Error 2


Source file was:
int main() { return 0; }
