Checking whether the ASM_NASM compiler is GNU using "--version" did not match "(GNU assembler)|(GCC)|(Free Software Foundation)":
yasm 1.3.0
Compiled on Apr  1 2020.
Copyright (c) 2001-2014 Peter Johnson and other Yasm developers.
Run yasm --license for licensing overview and summary.
Checking whether the ASM_NASM compiler is Clang using "--version" did not match "(clang version)":
yasm 1.3.0
Compiled on Apr  1 2020.
Copyright (c) 2001-2014 Peter Johnson and other Yasm developers.
Run yasm --license for licensing overview and summary.
Checking whether the ASM_NASM compiler is AppleClang using "--version" did not match "(Apple LLVM version)":
yasm 1.3.0
Compiled on Apr  1 2020.
Copyright (c) 2001-2014 Peter Johnson and other Yasm developers.
Run yasm --license for licensing overview and summary.
Checking whether the ASM_NASM compiler is ARMClang using "--version" did not match "armclang":
yasm 1.3.0
Compiled on Apr  1 2020.
Copyright (c) 2001-2014 Peter Johnson and other Yasm developers.
Run yasm --license for licensing overview and summary.
Checking whether the ASM_NASM compiler is HP using "-V" did not match "HP C":
yasm: warning: unrecognized option `-V'
yasm: No input files specified
Checking whether the ASM_NASM compiler is Intel using "--version" did not match "(ICC)":
yasm 1.3.0
Compiled on Apr  1 2020.
Copyright (c) 2001-2014 Peter Johnson and other Yasm developers.
Run yasm --license for licensing overview and summary.
Checking whether the ASM_NASM compiler is SunPro using "-V" did not match "Sun C":
yasm: warning: unrecognized option `-V'
yasm: No input files specified
Checking whether the ASM_NASM compiler is XL using "-qversion" did not match "XL C":
yasm: warning: unrecognized option `-qversion'
yasm: No input files specified
Checking whether the ASM_NASM compiler is MSVC using "-?" did not match "Microsoft":
yasm: warning: unrecognized option `-?'
yasm: No input files specified
Checking whether the ASM_NASM compiler is TI using "-h" did not match "Texas Instruments":
usage: yasm [option]* file
Options:
    --version               show version text
    --license               show license text
    -h, --help              show help text
    --arch=<arch>           select architecture (list with -a help)
     -a <arch>
    --parser=<parser>       select parser (list with -p help)
     -p <parser>
    --preproc=<preproc>     select preprocessor (list with -r help)
     -r <preproc>
    --oformat=<format>      select object format (list with -f help)
     -f <format>
    --dformat=<debug>       select debugging format (list with -g help)
     -g <debug>
    --lformat=<list>        select list format (list with -L help)
     -L <list>
    --list=<listfile>       name of list-file output
     -l <listfile>
    --objfile=<filename>    name of object-file output
     -o <filename>
    --mapfile=<filename>    name of map-file output
    --machine=<machine>     select machine (list with -m help)
     -m <machine>
    --force-strict          treat all sized operands as if `strict' was used
    -w                      inhibits warning messages
    -W                      enables/disables warning
    -M                      generate Makefile dependencies on stdout
    -E <file>               redirect error messages to file
    -s                      redirect error messages to stdout
    -e, --preproc-only      preprocess only (writes output to stdout by default)
    -i <path>               add include path
    -I <path>               add include path
    -P <filename>           pre-include file
    -d <macro[=value]>      pre-define a macro, optionally to value
    -D <macro[=value]>      pre-define a macro, optionally to value
    -u <macro>              undefine a macro
    -U <macro>              undefine a macro
    -X <style>              select error/warning message style (`gnu' or `vc')
    --prefix=<prefix>       prepend argument to name of all external symbols
    --suffix=<suffix>       append argument to name of all external symbols
    --postfix=<suffix>      append argument to name of all external symbols

Files are asm sources to be assembled.

Sample invocation:
   yasm -f elf -o object.o source.asm

Report bugs to bug-yasm@tortall.net
Checking whether the ASM_NASM compiler is IAR using "" did not match "IAR Assembler":
yasm: No input files specified
Checking whether the ASM_NASM compiler is ARMCC using "" did not match "(ARM Compiler)|(ARM Assembler)":
yasm: No input files specified
Checking whether the ASM_NASM compiler is NASM using "-v" did not match "(NASM version)":
yasm: warning: unrecognized option `-v'
yasm: No input files specified
Performing C SOURCE FILE Test C_FLAG_fno_stack_clash_protection failed with the following output:
Change Dir: /var/lib/phoronix-test-suite/installed-tests/pts/svt-av1-2.4.0/SVT-AV1-v0.9.0/Build/linux/Release/CMakeFiles/CMakeTmp

Run Build Command(s):/usr/bin/make cmTC_61f30/fast && /usr/bin/make -f CMakeFiles/cmTC_61f30.dir/build.make CMakeFiles/cmTC_61f30.dir/build
make[1]: Entering directory '/var/lib/phoronix-test-suite/installed-tests/pts/svt-av1-2.4.0/SVT-AV1-v0.9.0/Build/linux/Release/CMakeFiles/CMakeTmp'
Building C object CMakeFiles/cmTC_61f30.dir/src.c.o
/usr/bin/clang   -Wall -Wextra -Wformat -Wformat-security  -march=native -fstack-protector-strong -DC_FLAG_fno_stack_clash_protection -fPIE   -fno-stack-clash-protection -o CMakeFiles/cmTC_61f30.dir/src.c.o   -c /var/lib/phoronix-test-suite/installed-tests/pts/svt-av1-2.4.0/SVT-AV1-v0.9.0/Build/linux/Release/CMakeFiles/CMakeTmp/src.c
clang: error: unknown argument: '-fno-stack-clash-protection'
make[1]: *** [CMakeFiles/cmTC_61f30.dir/build.make:66: CMakeFiles/cmTC_61f30.dir/src.c.o] Error 1
make[1]: Leaving directory '/var/lib/phoronix-test-suite/installed-tests/pts/svt-av1-2.4.0/SVT-AV1-v0.9.0/Build/linux/Release/CMakeFiles/CMakeTmp'
make: *** [Makefile:121: cmTC_61f30/fast] Error 2


Source file was:
int main(void) { return 0; }
Performing C++ SOURCE FILE Test CXX_FLAG_fno_stack_clash_protection failed with the following output:
Change Dir: /var/lib/phoronix-test-suite/installed-tests/pts/svt-av1-2.4.0/SVT-AV1-v0.9.0/Build/linux/Release/CMakeFiles/CMakeTmp

Run Build Command(s):/usr/bin/make cmTC_374ae/fast && /usr/bin/make -f CMakeFiles/cmTC_374ae.dir/build.make CMakeFiles/cmTC_374ae.dir/build
make[1]: Entering directory '/var/lib/phoronix-test-suite/installed-tests/pts/svt-av1-2.4.0/SVT-AV1-v0.9.0/Build/linux/Release/CMakeFiles/CMakeTmp'
Building CXX object CMakeFiles/cmTC_374ae.dir/src.cxx.o
/usr/bin/clang++    -Wall -Wextra -Wformat -Wformat-security  -march=native -fstack-protector-strong -DCXX_FLAG_fno_stack_clash_protection -fPIE   -fno-stack-clash-protection -o CMakeFiles/cmTC_374ae.dir/src.cxx.o -c /var/lib/phoronix-test-suite/installed-tests/pts/svt-av1-2.4.0/SVT-AV1-v0.9.0/Build/linux/Release/CMakeFiles/CMakeTmp/src.cxx
clang: error: unknown argument: '-fno-stack-clash-protection'
make[1]: *** [CMakeFiles/cmTC_374ae.dir/build.make:66: CMakeFiles/cmTC_374ae.dir/src.cxx.o] Error 1
make[1]: Leaving directory '/var/lib/phoronix-test-suite/installed-tests/pts/svt-av1-2.4.0/SVT-AV1-v0.9.0/Build/linux/Release/CMakeFiles/CMakeTmp'
make: *** [Makefile:121: cmTC_374ae/fast] Error 2


Source file was:
int main() { return 0; }
Determining if the strnlen_s exist failed with the following output:
Change Dir: /var/lib/phoronix-test-suite/installed-tests/pts/svt-av1-2.4.0/SVT-AV1-v0.9.0/Build/linux/Release/CMakeFiles/CMakeTmp

Run Build Command(s):/usr/bin/make cmTC_61cf8/fast && /usr/bin/make -f CMakeFiles/cmTC_61cf8.dir/build.make CMakeFiles/cmTC_61cf8.dir/build
make[1]: Entering directory '/var/lib/phoronix-test-suite/installed-tests/pts/svt-av1-2.4.0/SVT-AV1-v0.9.0/Build/linux/Release/CMakeFiles/CMakeTmp'
Building C object CMakeFiles/cmTC_61cf8.dir/CheckSymbolExists.c.o
/usr/bin/clang   -Wall -Wextra -Wformat -Wformat-security  -march=native -fstack-protector-strong -mno-avx  -fPIE   -o CMakeFiles/cmTC_61cf8.dir/CheckSymbolExists.c.o   -c /var/lib/phoronix-test-suite/installed-tests/pts/svt-av1-2.4.0/SVT-AV1-v0.9.0/Build/linux/Release/CMakeFiles/CMakeTmp/CheckSymbolExists.c
/var/lib/phoronix-test-suite/installed-tests/pts/svt-av1-2.4.0/SVT-AV1-v0.9.0/Build/linux/Release/CMakeFiles/CMakeTmp/CheckSymbolExists.c:8:19: error: use of undeclared identifier 'strnlen_s'; did you mean 'strnlen'?
  return ((int*)(&strnlen_s))[argc];
                  ^~~~~~~~~
                  strnlen
/usr/include/string.h:391:15: note: 'strnlen' declared here
extern size_t strnlen (const char *__string, size_t __maxlen)
              ^
1 error generated.
make[1]: *** [CMakeFiles/cmTC_61cf8.dir/build.make:66: CMakeFiles/cmTC_61cf8.dir/CheckSymbolExists.c.o] Error 1
make[1]: Leaving directory '/var/lib/phoronix-test-suite/installed-tests/pts/svt-av1-2.4.0/SVT-AV1-v0.9.0/Build/linux/Release/CMakeFiles/CMakeTmp'
make: *** [Makefile:121: cmTC_61cf8/fast] Error 2


File /var/lib/phoronix-test-suite/installed-tests/pts/svt-av1-2.4.0/SVT-AV1-v0.9.0/Build/linux/Release/CMakeFiles/CMakeTmp/CheckSymbolExists.c:
/* */
#include <string.h>

int main(int argc, char** argv)
{
  (void)argv;
#ifndef strnlen_s
  return ((int*)(&strnlen_s))[argc];
#else
  (void)argc;
  return 0;
#endif
}
Determining if the strncpy_s exist failed with the following output:
Change Dir: /var/lib/phoronix-test-suite/installed-tests/pts/svt-av1-2.4.0/SVT-AV1-v0.9.0/Build/linux/Release/CMakeFiles/CMakeTmp

Run Build Command(s):/usr/bin/make cmTC_ee6f0/fast && /usr/bin/make -f CMakeFiles/cmTC_ee6f0.dir/build.make CMakeFiles/cmTC_ee6f0.dir/build
make[1]: Entering directory '/var/lib/phoronix-test-suite/installed-tests/pts/svt-av1-2.4.0/SVT-AV1-v0.9.0/Build/linux/Release/CMakeFiles/CMakeTmp'
Building C object CMakeFiles/cmTC_ee6f0.dir/CheckSymbolExists.c.o
/usr/bin/clang   -Wall -Wextra -Wformat -Wformat-security  -march=native -fstack-protector-strong -mno-avx  -fPIE   -o CMakeFiles/cmTC_ee6f0.dir/CheckSymbolExists.c.o   -c /var/lib/phoronix-test-suite/installed-tests/pts/svt-av1-2.4.0/SVT-AV1-v0.9.0/Build/linux/Release/CMakeFiles/CMakeTmp/CheckSymbolExists.c
/var/lib/phoronix-test-suite/installed-tests/pts/svt-av1-2.4.0/SVT-AV1-v0.9.0/Build/linux/Release/CMakeFiles/CMakeTmp/CheckSymbolExists.c:8:19: error: use of undeclared identifier 'strncpy_s'; did you mean 'strncpy'?
  return ((int*)(&strncpy_s))[argc];
                  ^~~~~~~~~
                  strncpy
/usr/include/string.h:125:14: note: 'strncpy' declared here
extern char *strncpy (char *__restrict __dest,
             ^
1 error generated.
make[1]: *** [CMakeFiles/cmTC_ee6f0.dir/build.make:66: CMakeFiles/cmTC_ee6f0.dir/CheckSymbolExists.c.o] Error 1
make[1]: Leaving directory '/var/lib/phoronix-test-suite/installed-tests/pts/svt-av1-2.4.0/SVT-AV1-v0.9.0/Build/linux/Release/CMakeFiles/CMakeTmp'
make: *** [Makefile:121: cmTC_ee6f0/fast] Error 2


File /var/lib/phoronix-test-suite/installed-tests/pts/svt-av1-2.4.0/SVT-AV1-v0.9.0/Build/linux/Release/CMakeFiles/CMakeTmp/CheckSymbolExists.c:
/* */
#include <string.h>

int main(int argc, char** argv)
{
  (void)argv;
#ifndef strncpy_s
  return ((int*)(&strncpy_s))[argc];
#else
  (void)argc;
  return 0;
#endif
}
Determining if the strcpy_s exist failed with the following output:
Change Dir: /var/lib/phoronix-test-suite/installed-tests/pts/svt-av1-2.4.0/SVT-AV1-v0.9.0/Build/linux/Release/CMakeFiles/CMakeTmp

Run Build Command(s):/usr/bin/make cmTC_8f0f7/fast && /usr/bin/make -f CMakeFiles/cmTC_8f0f7.dir/build.make CMakeFiles/cmTC_8f0f7.dir/build
make[1]: Entering directory '/var/lib/phoronix-test-suite/installed-tests/pts/svt-av1-2.4.0/SVT-AV1-v0.9.0/Build/linux/Release/CMakeFiles/CMakeTmp'
Building C object CMakeFiles/cmTC_8f0f7.dir/CheckSymbolExists.c.o
/usr/bin/clang   -Wall -Wextra -Wformat -Wformat-security  -march=native -fstack-protector-strong -mno-avx  -fPIE   -o CMakeFiles/cmTC_8f0f7.dir/CheckSymbolExists.c.o   -c /var/lib/phoronix-test-suite/installed-tests/pts/svt-av1-2.4.0/SVT-AV1-v0.9.0/Build/linux/Release/CMakeFiles/CMakeTmp/CheckSymbolExists.c
/var/lib/phoronix-test-suite/installed-tests/pts/svt-av1-2.4.0/SVT-AV1-v0.9.0/Build/linux/Release/CMakeFiles/CMakeTmp/CheckSymbolExists.c:8:19: error: use of undeclared identifier 'strcpy_s'; did you mean 'strcpy'?
  return ((int*)(&strcpy_s))[argc];
                  ^~~~~~~~
                  strcpy
/usr/include/string.h:122:14: note: 'strcpy' declared here
extern char *strcpy (char *__restrict __dest, const char *__restrict __src)
             ^
1 error generated.
make[1]: *** [CMakeFiles/cmTC_8f0f7.dir/build.make:66: CMakeFiles/cmTC_8f0f7.dir/CheckSymbolExists.c.o] Error 1
make[1]: Leaving directory '/var/lib/phoronix-test-suite/installed-tests/pts/svt-av1-2.4.0/SVT-AV1-v0.9.0/Build/linux/Release/CMakeFiles/CMakeTmp'
make: *** [Makefile:121: cmTC_8f0f7/fast] Error 2


File /var/lib/phoronix-test-suite/installed-tests/pts/svt-av1-2.4.0/SVT-AV1-v0.9.0/Build/linux/Release/CMakeFiles/CMakeTmp/CheckSymbolExists.c:
/* */
#include <string.h>

int main(int argc, char** argv)
{
  (void)argv;
#ifndef strcpy_s
  return ((int*)(&strcpy_s))[argc];
#else
  (void)argc;
  return 0;
#endif
}
Performing C SOURCE FILE Test CMAKE_HAVE_LIBC_PTHREAD failed with the following output:
Change Dir: /var/lib/phoronix-test-suite/installed-tests/pts/svt-av1-2.4.0/SVT-AV1-v0.9.0/Build/linux/Release/CMakeFiles/CMakeTmp

Run Build Command(s):/usr/bin/make cmTC_f19cb/fast && /usr/bin/make -f CMakeFiles/cmTC_f19cb.dir/build.make CMakeFiles/cmTC_f19cb.dir/build
make[1]: Entering directory '/var/lib/phoronix-test-suite/installed-tests/pts/svt-av1-2.4.0/SVT-AV1-v0.9.0/Build/linux/Release/CMakeFiles/CMakeTmp'
Building C object CMakeFiles/cmTC_f19cb.dir/src.c.o
/usr/bin/clang   -Wall -Wextra -Wformat -Wformat-security  -march=native -fstack-protector-strong -mno-avx -DCMAKE_HAVE_LIBC_PTHREAD -fPIE   -o CMakeFiles/cmTC_f19cb.dir/src.c.o   -c /var/lib/phoronix-test-suite/installed-tests/pts/svt-av1-2.4.0/SVT-AV1-v0.9.0/Build/linux/Release/CMakeFiles/CMakeTmp/src.c
Linking C executable cmTC_f19cb
/usr/bin/cmake -E cmake_link_script CMakeFiles/cmTC_f19cb.dir/link.txt --verbose=1
/usr/bin/clang -Wall -Wextra -Wformat -Wformat-security  -march=native -fstack-protector-strong -mno-avx -DCMAKE_HAVE_LIBC_PTHREAD   -pie -z noexecstack -z relro -z now  CMakeFiles/cmTC_f19cb.dir/src.c.o  -o cmTC_f19cb 
/usr/bin/ld: CMakeFiles/cmTC_f19cb.dir/src.c.o: in function `main':
src.c:(.text+0x32): undefined reference to `pthread_create'
/usr/bin/ld: src.c:(.text+0x3e): undefined reference to `pthread_detach'
/usr/bin/ld: src.c:(.text+0x50): undefined reference to `pthread_join'
clang: error: linker command failed with exit code 1 (use -v to see invocation)
make[1]: *** [CMakeFiles/cmTC_f19cb.dir/build.make:87: cmTC_f19cb] Error 1
make[1]: Leaving directory '/var/lib/phoronix-test-suite/installed-tests/pts/svt-av1-2.4.0/SVT-AV1-v0.9.0/Build/linux/Release/CMakeFiles/CMakeTmp'
make: *** [Makefile:121: cmTC_f19cb/fast] Error 2


Source file was:
#include <pthread.h>

void* test_func(void* data)
{
  return data;
}

int main(void)
{
  pthread_t thread;
  pthread_create(&thread, NULL, test_func, NULL);
  pthread_detach(thread);
  pthread_join(thread, NULL);
  pthread_atfork(NULL, NULL, NULL);
  pthread_exit(NULL);

  return 0;
}

Determining if the function pthread_create exists in the pthreads failed with the following output:
Change Dir: /var/lib/phoronix-test-suite/installed-tests/pts/svt-av1-2.4.0/SVT-AV1-v0.9.0/Build/linux/Release/CMakeFiles/CMakeTmp

Run Build Command(s):/usr/bin/make cmTC_c2f48/fast && /usr/bin/make -f CMakeFiles/cmTC_c2f48.dir/build.make CMakeFiles/cmTC_c2f48.dir/build
make[1]: Entering directory '/var/lib/phoronix-test-suite/installed-tests/pts/svt-av1-2.4.0/SVT-AV1-v0.9.0/Build/linux/Release/CMakeFiles/CMakeTmp'
Building C object CMakeFiles/cmTC_c2f48.dir/CheckFunctionExists.c.o
/usr/bin/clang   -Wall -Wextra -Wformat -Wformat-security  -march=native -fstack-protector-strong -mno-avx -DCHECK_FUNCTION_EXISTS=pthread_create -fPIE   -o CMakeFiles/cmTC_c2f48.dir/CheckFunctionExists.c.o   -c /usr/share/cmake-3.16/Modules/CheckFunctionExists.c
Linking C executable cmTC_c2f48
/usr/bin/cmake -E cmake_link_script CMakeFiles/cmTC_c2f48.dir/link.txt --verbose=1
/usr/bin/clang -Wall -Wextra -Wformat -Wformat-security  -march=native -fstack-protector-strong -mno-avx -DCHECK_FUNCTION_EXISTS=pthread_create   -pie -z noexecstack -z relro -z now  CMakeFiles/cmTC_c2f48.dir/CheckFunctionExists.c.o  -o cmTC_c2f48  -lpthreads 
/usr/bin/ld: cannot find -lpthreads
clang: error: linker command failed with exit code 1 (use -v to see invocation)
make[1]: *** [CMakeFiles/cmTC_c2f48.dir/build.make:87: cmTC_c2f48] Error 1
make[1]: Leaving directory '/var/lib/phoronix-test-suite/installed-tests/pts/svt-av1-2.4.0/SVT-AV1-v0.9.0/Build/linux/Release/CMakeFiles/CMakeTmp'
make: *** [Makefile:121: cmTC_c2f48/fast] Error 2



